RXSDK/RXSDK-Android/push/rxsdk_push_mi/build/intermediates/manifest_merge_blame_file/debug/manifest-merger-blame-debug-report.txt
1<?xml version="1.0" encoding="utf-8"?>
2<manifest xmlns:android="http://schemas.android.com/apk/res/android"
3    package="com.ruixue.push.mi" >
4
5    <uses-sdk android:minSdkVersion="21" />
5-->src/main/AndroidManifest.xml
6
7    <!-- <permission -->
8    <!-- android:name="${applicationId}.permission.MIPUSH_RECEIVE" -->
9    <!-- android:protectionLevel="signature" /> -->
10
11
12    <!-- <uses-permission android:name="${applicationId}.permission.MIPUSH_RECEIVE" /> -->
13    <uses-permission android:name="android.permission.VIBRATE" />
13-->src/main/AndroidManifest.xml:11:5-66
13-->src/main/AndroidManifest.xml:11:22-63
14
15    <application>
15-->src/main/AndroidManifest.xml:13:5-75:19
16        <meta-data
16-->src/main/AndroidManifest.xml:14:9-16:65
17            android:name="RX_PUSH_MI"
17-->src/main/AndroidManifest.xml:15:13-38
18            android:value="com.ruixue.push.mi.MiPushProvider" />
18-->src/main/AndroidManifest.xml:16:13-62
19        <meta-data
19-->src/main/AndroidManifest.xml:17:9-19:47
20            android:name="RX_MI_APP_ID"
20-->src/main/AndroidManifest.xml:18:13-40
21            android:value="RX_${MI_APP_ID}" />
21-->src/main/AndroidManifest.xml:19:13-44
22        <meta-data
22-->src/main/AndroidManifest.xml:20:9-22:48
23            android:name="RX_MI_APP_KEY"
23-->src/main/AndroidManifest.xml:21:13-41
24            android:value="RX_${MI_APP_KEY}" />
24-->src/main/AndroidManifest.xml:22:13-45
25
26        <receiver
26-->src/main/AndroidManifest.xml:23:9-35:20
27            android:name="com.ruixue.push.mi.MiPushReceiver"
27-->src/main/AndroidManifest.xml:24:13-61
28            android:exported="true" >
28-->src/main/AndroidManifest.xml:25:13-36
29            <intent-filter>
29-->src/main/AndroidManifest.xml:26:13-28:29
30                <action android:name="com.xiaomi.mipush.RECEIVE_MESSAGE" />
30-->src/main/AndroidManifest.xml:27:17-76
30-->src/main/AndroidManifest.xml:27:25-73
31            </intent-filter>
32            <intent-filter>
32-->src/main/AndroidManifest.xml:29:13-31:29
33                <action android:name="com.xiaomi.mipush.MESSAGE_ARRIVED" />
33-->src/main/AndroidManifest.xml:30:17-76
33-->src/main/AndroidManifest.xml:30:25-73
34            </intent-filter>
35            <intent-filter>
35-->src/main/AndroidManifest.xml:32:13-34:29
36                <action android:name="com.xiaomi.mipush.ERROR" />
36-->src/main/AndroidManifest.xml:33:17-66
36-->src/main/AndroidManifest.xml:33:25-63
37            </intent-filter>
38        </receiver>
39
40        <!-- <service -->
41        <!-- android:name="com.xiaomi.push.service.XMJobService" -->
42        <!-- android:enabled="true" -->
43        <!-- android:exported="false" -->
44        <!-- android:permission="android.permission.BIND_JOB_SERVICE" -->
45        <!-- android:process=":pushservice" /> -->
46        <!-- <service -->
47        <!-- android:name="com.xiaomi.push.service.XMPushService" -->
48        <!-- android:enabled="true" -->
49        <!-- android:process=":pushservice" /> -->
50        <!-- <service -->
51        <!-- android:name="com.xiaomi.mipush.sdk.PushMessageHandler" -->
52        <!-- android:enabled="true" -->
53        <!-- android:exported="true" /> -->
54        <!-- <service -->
55        <!-- android:name="com.xiaomi.mipush.sdk.MessageHandleService" -->
56        <!-- android:enabled="true" /> -->
57
58
59        <!-- <receiver -->
60        <!-- android:name="com.xiaomi.push.service.receivers.NetworkStatusReceiver" -->
61        <!-- android:exported="true"> -->
62        <!-- <intent-filter> -->
63        <!-- <action android:name="android.net.conn.CONNECTIVITY_CHANGE" /> -->
64
65
66        <!-- <category android:name="android.intent.category.DEFAULT" /> -->
67        <!-- </intent-filter> -->
68        <!-- </receiver> -->
69        <!-- <receiver -->
70        <!-- android:name="com.xiaomi.push.service.receivers.PingReceiver" -->
71        <!-- android:exported="false" -->
72        <!-- android:process=":pushservice"> -->
73        <!-- <intent-filter> -->
74        <!-- <action android:name="com.xiaomi.push.PING_TIMER" /> -->
75        <!-- </intent-filter> -->
76        <!-- </receiver> -->
77
78    </application>
79
80</manifest>